2021-11-14 19:12:22 INFO  Login_test 67 - TC_01 is Started
2021-11-14 19:12:23 INFO  Login_test 58 - Total time taken: 3131
2021-11-14 19:12:23 INFO  Login_test 59 - extent report flushed
2021-11-14 19:12:39 INFO  Login_test 98 - TC_02 is Started
2021-11-14 19:12:43 INFO  Login_test 58 - Total time taken: 6085
2021-11-14 19:12:43 INFO  Login_test 59 - extent report flushed
2021-11-14 19:13:05 INFO  Login_test 120 - TC_03 is Started
2021-11-14 19:13:10 INFO  Login_test 133 - Salesforce Home page is displayed
2021-11-14 19:13:11 INFO  Login_test 58 - Total time taken: 7798
2021-11-14 19:13:11 INFO  Login_test 59 - extent report flushed
2021-11-14 19:13:27 INFO  Login_test 148 - TC_04a is Started
2021-11-14 19:13:28 INFO  Login_test 58 - Total time taken: 2984
2021-11-14 19:13:28 INFO  Login_test 59 - extent report flushed
2021-11-14 19:13:44 INFO  Login_test 166 - TC_4b is Started
2021-11-14 19:13:48 INFO  Login_test 58 - Total time taken: 6289
2021-11-14 19:13:48 INFO  Login_test 59 - extent report flushed
2021-11-14 19:52:56 INFO  UserMenu_test 50 - TC_05 is Started
2021-11-14 19:53:05 INFO  App_Utilities 80 - Total time taken: 11261
2021-11-14 19:53:05 INFO  App_Utilities 81 - extent report flushed
2021-11-14 19:53:22 INFO  UserMenu_test 64 - TC_06 is Started
2021-11-14 19:54:05 INFO  App_Utilities 80 - Total time taken: 45944
2021-11-14 19:54:05 INFO  App_Utilities 81 - extent report flushed
2021-11-14 19:55:18 INFO  UserMenu_test 105 - TC_07 is Started
2021-11-14 19:55:33 INFO  App_Utilities 80 - Total time taken: 17841
2021-11-14 19:55:33 INFO  App_Utilities 81 - extent report flushed
2021-11-14 19:56:12 INFO  UserMenu_test 152 - TC_08 is Started
2021-11-14 19:56:19 INFO  App_Utilities 80 - Total time taken: 8972
2021-11-14 19:56:19 INFO  App_Utilities 81 - extent report flushed
2021-11-14 19:56:36 INFO  UserMenu_test 166 - TC_09 is Started
2021-11-14 19:56:42 INFO  App_Utilities 80 - Total time taken: 9933
2021-11-14 19:56:42 INFO  App_Utilities 81 - extent report flushed
2021-11-14 20:06:42 INFO  CreateAccount_test 48 - TC_10 is Started
2021-11-14 20:06:54 INFO  App_Utilities 80 - Total time taken: 15241
2021-11-14 20:06:54 INFO  App_Utilities 81 - extent report flushed
2021-11-14 20:07:10 INFO  CreateAccount_test 65 - TC_11 is Started
2021-11-14 20:07:20 INFO  App_Utilities 80 - Total time taken: 12541
2021-11-14 20:07:20 INFO  App_Utilities 81 - extent report flushed
2021-11-14 20:26:52 INFO  CreateAccount_test 80 - TC_12 is Started
2021-11-14 20:27:00 INFO  App_Utilities 80 - Total time taken: 10326
2021-11-14 20:27:00 INFO  App_Utilities 81 - extent report flushed
2021-11-14 20:31:12 INFO  CreateAccount_test 105 - TC_13 is Started
2021-11-14 20:31:21 INFO  App_Utilities 80 - Total time taken: 10747
2021-11-14 20:31:21 INFO  App_Utilities 81 - extent report flushed
2021-11-14 20:32:19 INFO  CreateAccount_test 128 - TC_14 is Started
2021-11-14 20:32:31 INFO  App_Utilities 80 - Total time taken: 15245
2021-11-14 20:32:31 INFO  App_Utilities 81 - extent report flushed
2021-11-14 20:40:41 INFO  CreateOpp_test 45 - TC_15 is Started
2021-11-14 20:40:48 INFO  App_Utilities 82 - Total time taken: 9495
2021-11-14 20:40:48 INFO  App_Utilities 83 - extent report flushed
2021-11-14 20:42:59 INFO  CreateOpp_test 57 - TC_16 is Started
2021-11-14 20:43:06 INFO  App_Utilities 82 - Total time taken: 9785
2021-11-14 20:43:06 INFO  App_Utilities 83 - extent report flushed
2021-11-14 20:43:28 INFO  CreateOpp_test 88 - TC_17 is Started
2021-11-14 20:43:38 INFO  App_Utilities 82 - Total time taken: 12502
2021-11-14 20:43:38 INFO  App_Utilities 83 - extent report flushed
2021-11-14 20:43:57 INFO  CreateOpp_test 100 - TC_18 is Started
2021-11-14 20:44:04 INFO  App_Utilities 82 - Total time taken: 9914
2021-11-14 20:44:04 INFO  App_Utilities 83 - extent report flushed
2021-11-14 20:44:18 INFO  CreateOpp_test 112 - TC_19 is Started
2021-11-14 20:44:25 INFO  App_Utilities 82 - Total time taken: 9278
2021-11-14 20:44:25 INFO  App_Utilities 83 - extent report flushed
2021-11-14 20:50:41 INFO  Leads_test 42 - TC_20 is Started
2021-11-14 20:50:46 INFO  App_Utilities 84 - Total time taken: 8344
2021-11-14 20:50:46 INFO  App_Utilities 85 - extent report flushed
2021-11-14 20:51:22 INFO  Leads_test 54 - TC_21 is Started
2021-11-14 20:51:28 INFO  App_Utilities 84 - Total time taken: 8873
2021-11-14 20:51:28 INFO  App_Utilities 85 - extent report flushed
2021-11-14 20:51:58 INFO  Leads_test 67 - TC_22 is Started
2021-11-14 20:52:16 INFO  App_Utilities 84 - Total time taken: 8525
2021-11-14 20:52:16 INFO  App_Utilities 85 - extent report flushed
2021-11-14 20:52:47 INFO  Leads_test 89 - TC_23 is Started
2021-11-14 20:52:54 INFO  App_Utilities 84 - Total time taken: 10162
2021-11-14 20:52:54 INFO  App_Utilities 85 - extent report flushed
2021-11-14 20:53:17 INFO  Leads_test 101 - TC_24 is Started
2021-11-14 20:53:25 INFO  App_Utilities 84 - Total time taken: 10301
2021-11-14 20:53:25 INFO  App_Utilities 85 - extent report flushed
2021-11-14 21:00:23 INFO  Contacts_test 41 - TC_25 is Started
2021-11-14 21:00:32 INFO  App_Utilities 85 - Total time taken: 11795
2021-11-14 21:00:32 INFO  App_Utilities 86 - extent report flushed
2021-11-14 21:20:38 INFO  Contacts_test 61 - TC_26 is Started
2021-11-14 21:20:45 INFO  App_Utilities 85 - Total time taken: 9943
2021-11-14 21:20:45 INFO  App_Utilities 86 - extent report flushed
2021-11-14 21:27:32 INFO  Contacts_test 81 - TC_27 is Started
2021-11-14 21:27:38 INFO  App_Utilities 85 - Total time taken: 7544
2021-11-14 21:27:38 INFO  App_Utilities 86 - extent report flushed
2021-11-14 21:27:48 INFO  Contacts_test 95 - TC_28 is Started
2021-11-14 21:27:54 INFO  App_Utilities 85 - Total time taken: 8053
2021-11-14 21:27:54 INFO  App_Utilities 86 - extent report flushed
2021-11-14 21:28:10 INFO  Contacts_test 109 - TC_29 is Started
2021-11-14 21:28:17 INFO  App_Utilities 85 - Total time taken: 8539
2021-11-14 21:28:17 INFO  App_Utilities 86 - extent report flushed
2021-11-14 21:28:32 INFO  Contacts_test 122 - TC_30 is Started
2021-11-14 21:28:38 INFO  App_Utilities 85 - Total time taken: 8326
2021-11-14 21:28:38 INFO  App_Utilities 86 - extent report flushed
2021-11-14 21:34:13 INFO  Contacts_test 138 - TC_31 is Started
2021-11-14 21:34:20 INFO  App_Utilities 85 - Total time taken: 9012
2021-11-14 21:34:20 INFO  App_Utilities 86 - extent report flushed
2021-11-14 21:39:06 INFO  Contacts_test 158 - TC_32 is Started
2021-11-14 21:39:13 INFO  App_Utilities 85 - Total time taken: 9631
2021-11-14 21:39:13 INFO  App_Utilities 86 - extent report flushed
2021-11-14 21:45:16 INFO  RandomScenarios_test 46 - TC_33 is Started
2021-11-14 21:45:24 INFO  App_Utilities 86 - Total time taken: 9238
2021-11-14 21:45:24 INFO  App_Utilities 87 - extent report flushed
2021-11-14 21:45:40 INFO  RandomScenarios_test 59 - TC_34 is Started
2021-11-14 21:45:50 INFO  App_Utilities 86 - Total time taken: 11993
2021-11-14 21:45:50 INFO  App_Utilities 87 - extent report flushed
2021-11-14 21:47:08 INFO  RandomScenarios_test 80 - TC_35 is Started
2021-11-14 21:47:16 INFO  App_Utilities 86 - Total time taken: 9967
2021-11-14 21:47:16 INFO  App_Utilities 87 - extent report flushed
2021-11-14 21:47:36 INFO  RandomScenarios_test 97 - TC_36 is Started
2021-11-14 21:47:45 INFO  App_Utilities 86 - Total time taken: 11163
2021-11-14 21:47:45 INFO  App_Utilities 87 - extent report flushed
2021-11-14 21:47:59 INFO  RandomScenarios_test 124 - TC_37 is Started
2021-11-14 21:48:08 INFO  App_Utilities 86 - Total time taken: 11110
2021-11-14 21:48:08 INFO  App_Utilities 87 - extent report flushed
2021-11-14 22:45:25 INFO  Login_test 60 - TC_01 is Started
2021-11-14 22:45:26 INFO  Login_test 91 - TC_02 is Started
2021-11-14 22:45:31 INFO  Login_test 113 - TC_03 is Started
2021-11-14 22:46:02 INFO  Login_test 141 - TC_04a is Started
2021-11-14 22:46:32 INFO  Login_test 159 - TC_4b is Started
2021-11-14 22:47:03 INFO  Login_test 51 - Total time taken: 101297
2021-11-14 22:47:03 INFO  Login_test 52 - extent report flushed
2021-11-14 22:48:35 INFO  Login_test 60 - TC_01 is Started
2021-11-14 22:48:36 INFO  Login_test 91 - TC_02 is Started
2021-11-14 22:48:41 INFO  Login_test 113 - TC_03 is Started
2021-11-14 22:48:42 INFO  Login_test 130 - TC_04a is Started
2021-11-14 22:49:12 INFO  Login_test 148 - TC_4b is Started
2021-11-14 22:49:43 INFO  Login_test 51 - Total time taken: 70673
2021-11-14 22:49:43 INFO  Login_test 52 - extent report flushed
2021-11-14 22:52:09 INFO  Login_test 60 - TC_01 is Started
2021-11-14 22:52:10 INFO  Login_test 91 - TC_02 is Started
2021-11-14 22:52:15 INFO  Login_test 113 - TC_03 is Started
2021-11-14 22:52:15 INFO  Login_test 130 - TC_04a is Started
2021-11-14 22:52:46 INFO  Login_test 148 - TC_4b is Started
2021-11-14 22:53:16 INFO  Login_test 51 - Total time taken: 69154
2021-11-14 22:53:16 INFO  Login_test 52 - extent report flushed
2021-11-14 22:54:10 INFO  Login_test 130 - TC_04a is Started
2021-11-14 22:54:12 INFO  Login_test 51 - Total time taken: 4432
2021-11-14 22:54:12 INFO  Login_test 52 - extent report flushed
2021-11-14 22:54:59 INFO  Login_test 60 - TC_01 is Started
2021-11-14 22:55:00 INFO  Login_test 91 - TC_02 is Started
2021-11-14 22:55:05 INFO  Login_test 113 - TC_03 is Started
2021-11-14 22:55:06 INFO  Login_test 130 - TC_04a is Started
2021-11-14 22:55:36 INFO  Login_test 148 - TC_4b is Started
2021-11-14 22:56:07 INFO  Login_test 51 - Total time taken: 69637
2021-11-14 22:56:07 INFO  Login_test 52 - extent report flushed
2021-11-14 22:58:38 INFO  UserMenu_test 50 - TC_05 is Started
2021-11-14 22:58:45 INFO  UserMenu_test 64 - TC_06 is Started
2021-11-14 22:58:45 INFO  UserMenu_test 105 - TC_07 is Started
2021-11-14 22:58:46 INFO  UserMenu_test 152 - TC_08 is Started
2021-11-14 22:58:46 INFO  UserMenu_test 167 - TC_09 is Started
2021-11-14 22:58:50 INFO  App_Utilities 88 - Total time taken: 14481
2021-11-14 22:58:50 INFO  App_Utilities 89 - extent report flushed
2021-11-14 22:59:58 INFO  CreateAccount_test 48 - TC_10 is Started
2021-11-14 23:00:07 INFO  CreateAccount_test 65 - TC_11 is Started
2021-11-14 23:00:07 INFO  CreateAccount_test 80 - TC_12 is Started
2021-11-14 23:00:08 INFO  CreateAccount_test 105 - TC_13 is Started
2021-11-14 23:00:08 INFO  CreateAccount_test 128 - TC_14 is Started
2021-11-14 23:00:12 INFO  App_Utilities 88 - Total time taken: 16772
2021-11-14 23:00:12 INFO  App_Utilities 89 - extent report flushed
2021-11-14 23:00:26 INFO  CreateOpp_test 45 - TC_15 is Started
2021-11-14 23:00:32 INFO  CreateOpp_test 57 - TC_16 is Started
2021-11-14 23:00:33 INFO  CreateOpp_test 88 - TC_17 is Started
2021-11-14 23:00:33 INFO  CreateOpp_test 100 - TC_18 is Started
2021-11-14 23:00:33 INFO  CreateOpp_test 112 - TC_19 is Started
2021-11-14 23:00:37 INFO  App_Utilities 88 - Total time taken: 13545
2021-11-14 23:00:37 INFO  App_Utilities 89 - extent report flushed
2021-11-14 23:00:45 INFO  Leads_test 42 - TC_20 is Started
2021-11-14 23:00:51 INFO  Leads_test 54 - TC_21 is Started
2021-11-14 23:00:51 INFO  Leads_test 67 - TC_22 is Started
2021-11-14 23:00:52 INFO  Leads_test 89 - TC_23 is Started
2021-11-14 23:00:52 INFO  Leads_test 101 - TC_24 is Started
2021-11-14 23:00:56 INFO  App_Utilities 88 - Total time taken: 12794
2021-11-14 23:00:56 INFO  App_Utilities 89 - extent report flushed
2021-11-14 23:01:10 INFO  RandomScenarios_test 46 - TC_33 is Started
2021-11-14 23:01:21 INFO  RandomScenarios_test 59 - TC_34 is Started
2021-11-14 23:01:21 INFO  RandomScenarios_test 80 - TC_35 is Started
2021-11-14 23:01:21 INFO  RandomScenarios_test 97 - TC_36 is Started
2021-11-14 23:01:22 INFO  RandomScenarios_test 124 - TC_37 is Started
2021-11-14 23:01:26 INFO  App_Utilities 88 - Total time taken: 17851
2021-11-14 23:01:26 INFO  App_Utilities 89 - extent report flushed
2021-11-14 23:08:08 INFO  Login_test 60 - TC_01 is Started
2021-11-14 23:08:09 INFO  Login_test 91 - TC_02 is Started
2021-11-14 23:08:13 INFO  Login_test 113 - TC_03 is Started
2021-11-14 23:08:14 INFO  Login_test 130 - TC_04a is Started
2021-11-14 23:08:44 INFO  Login_test 148 - TC_4b is Started
2021-11-14 23:09:45 INFO  Login_test 51 - Total time taken: 100344
2021-11-14 23:09:45 INFO  Login_test 52 - extent report flushed
2021-11-14 23:32:09 INFO  Login_test 60 - TC_01 is Started
2021-11-14 23:32:10 INFO  Login_test 51 - Total time taken: 3071
2021-11-14 23:32:10 INFO  Login_test 52 - extent report flushed
2021-11-14 23:32:28 INFO  Login_test 60 - TC_01 is Started
2021-11-14 23:32:29 INFO  Login_test 51 - Total time taken: 3053
2021-11-14 23:32:29 INFO  Login_test 52 - extent report flushed
2021-11-14 23:43:08 INFO  UserMenu_test 50 - TC_05 is Started
2021-11-14 23:43:08 INFO  Login_test 60 - TC_01 is Started
2021-11-14 23:43:12 INFO  Login_test 91 - TC_02 is Started
2021-11-14 23:43:17 INFO  Login_test 113 - TC_03 is Started
2021-11-14 23:43:18 INFO  Login_test 130 - TC_04a is Started
2021-11-14 23:43:19 INFO  UserMenu_test 64 - TC_06 is Started
2021-11-14 23:43:20 INFO  UserMenu_test 105 - TC_07 is Started
2021-11-14 23:43:20 INFO  UserMenu_test 152 - TC_08 is Started
2021-11-14 23:43:20 INFO  UserMenu_test 167 - TC_09 is Started
2021-11-14 23:45:23 INFO  Login_test 51 - Total time taken: 142764
2021-11-14 23:45:23 INFO  Login_test 52 - extent report flushed
2021-11-15 10:53:20 INFO  CreateAccount_test 48 - TC_10 is Started
2021-11-15 10:53:28 INFO  CreateAccount_test 65 - TC_11 is Started
2021-11-15 10:53:28 INFO  CreateAccount_test 80 - TC_12 is Started
2021-11-15 10:53:28 INFO  CreateAccount_test 105 - TC_13 is Started
2021-11-15 10:53:28 INFO  CreateAccount_test 128 - TC_14 is Started
2021-11-15 10:53:33 INFO  App_Utilities 89 - Total time taken: 16556
2021-11-15 10:53:33 INFO  App_Utilities 90 - extent report flushed
2021-11-15 10:55:20 INFO  CreateAccount_test 48 - TC_10 is Started
2021-11-15 10:55:27 INFO  CreateAccount_test 65 - TC_11 is Started
2021-11-15 10:55:28 INFO  CreateAccount_test 80 - TC_12 is Started
2021-11-15 10:55:29 INFO  CreateAccount_test 105 - TC_13 is Started
2021-11-15 10:55:29 INFO  CreateAccount_test 128 - TC_14 is Started
2021-11-15 10:55:29 INFO  App_Utilities 89 - Total time taken: 11243
2021-11-15 10:55:29 INFO  App_Utilities 90 - extent report flushed
2021-11-17 10:56:23 INFO  Login_test 61 - TC_01 is Started
2021-11-17 10:56:24 INFO  Login_test 92 - TC_02 is Started
2021-11-17 11:58:20 INFO  Login_test 64 - Chromedriver setup is done
2021-11-17 11:58:23 INFO  Login_test 69 - TC_01 is Started
2021-11-17 11:58:24 INFO  Login_test 64 - Chromedriver setup is done
2021-11-17 11:58:25 INFO  Login_test 100 - TC_02 is Started
2021-11-17 11:58:30 INFO  Login_test 64 - Chromedriver setup is done
2021-11-17 11:58:32 INFO  Login_test 122 - TC_03 is Started
2021-11-17 11:58:37 INFO  Login_test 124 - Salesforce Home page is displayed
2021-11-17 11:58:37 INFO  Login_test 64 - Chromedriver setup is done
2021-11-17 11:58:40 INFO  Login_test 139 - TC_04a is Started
2021-11-17 11:58:40 INFO  Login_test 64 - Chromedriver setup is done
2021-11-17 11:58:42 INFO  Login_test 157 - TC_4b is Started
2021-11-17 11:58:47 INFO  Login_test 60 - Total time taken: 30569
2021-11-17 11:58:47 INFO  Login_test 61 - extent report flushed
2021-11-17 11:59:48 INFO  Login_test 64 - Chromedriver setup is done
2021-11-17 11:59:49 INFO  Login_test 68 - Chromedriver headless mode configured
2021-11-17 11:59:52 INFO  Login_test 69 - TC_01 is Started
2021-11-17 11:59:52 INFO  Login_test 64 - Chromedriver setup is done
2021-11-17 11:59:53 INFO  Login_test 68 - Chromedriver headless mode configured
2021-11-17 11:59:54 INFO  Login_test 100 - TC_02 is Started
2021-11-17 11:59:58 INFO  Login_test 64 - Chromedriver setup is done
2021-11-17 11:59:59 INFO  Login_test 68 - Chromedriver headless mode configured
2021-11-17 12:00:00 INFO  Login_test 122 - TC_03 is Started
2021-11-17 12:00:03 INFO  Login_test 124 - Salesforce Home page is displayed
2021-11-17 12:00:04 INFO  Login_test 64 - Chromedriver setup is done
2021-11-17 12:00:05 INFO  Login_test 68 - Chromedriver headless mode configured
2021-11-17 12:00:06 INFO  Login_test 139 - TC_04a is Started
2021-11-17 12:00:07 INFO  Login_test 64 - Chromedriver setup is done
2021-11-17 12:00:08 INFO  Login_test 68 - Chromedriver headless mode configured
2021-11-17 12:00:08 INFO  Login_test 157 - TC_4b is Started
2021-11-17 12:00:12 INFO  Login_test 60 - Total time taken: 26429
2021-11-17 12:00:12 INFO  Login_test 61 - extent report flushed
2021-11-17 16:56:00 INFO  Login_test 67 - TC_01 is Started
2021-11-17 16:56:03 INFO  Login_test 98 - TC_02 is Started
2021-11-17 17:05:48 INFO  Login_test 64 - Chromedriver setup is done
2021-11-17 17:05:49 INFO  Login_test 68 - Chromedriver headless mode configured
2021-11-17 17:05:52 INFO  Login_test 65 - TC_01 is Started
2021-11-17 17:05:52 INFO  Login_test 64 - Chromedriver setup is done
2021-11-17 17:05:53 INFO  Login_test 68 - Chromedriver headless mode configured
2021-11-17 17:05:54 INFO  Login_test 96 - TC_02 is Started
2021-11-17 17:05:58 INFO  Login_test 64 - Chromedriver setup is done
2021-11-17 17:05:58 INFO  Login_test 68 - Chromedriver headless mode configured
2021-11-17 17:06:00 INFO  Login_test 118 - TC_03 is Started
2021-11-17 17:06:05 INFO  Login_test 120 - Salesforce Home page is displayed
2021-11-17 17:06:06 INFO  Login_test 64 - Chromedriver setup is done
2021-11-17 17:06:06 INFO  Login_test 68 - Chromedriver headless mode configured
2021-11-17 17:06:07 INFO  Login_test 135 - TC_04a is Started
2021-11-17 17:06:08 INFO  Login_test 64 - Chromedriver setup is done
2021-11-17 17:06:09 INFO  Login_test 68 - Chromedriver headless mode configured
2021-11-17 17:06:09 INFO  Login_test 153 - TC_4b is Started
2021-11-17 17:06:13 INFO  Login_test 56 - Total time taken: 27147
2021-11-17 17:06:13 INFO  Login_test 57 - extent report flushed
2021-11-17 17:09:23 INFO  Login_test 66 - Chromedriver setup is done
2021-11-17 17:09:24 INFO  Login_test 70 - Chromedriver headless mode configured
2021-11-17 17:09:25 INFO  Login_test 66 - TC_01 is Started
2021-11-17 17:09:26 INFO  Login_test 66 - Chromedriver setup is done
2021-11-17 17:09:27 INFO  Login_test 70 - Chromedriver headless mode configured
2021-11-17 17:09:27 INFO  Login_test 97 - TC_02 is Started
2021-11-17 17:09:32 INFO  Login_test 66 - Chromedriver setup is done
2021-11-17 17:09:33 INFO  Login_test 70 - Chromedriver headless mode configured
2021-11-17 17:09:33 INFO  Login_test 119 - TC_03 is Started
2021-11-17 17:09:37 INFO  Login_test 121 - Salesforce Home page is displayed
2021-11-17 17:09:38 INFO  Login_test 66 - Chromedriver setup is done
2021-11-17 17:09:39 INFO  Login_test 70 - Chromedriver headless mode configured
2021-11-17 17:09:40 INFO  Login_test 136 - TC_04a is Started
2021-11-17 17:09:40 INFO  Login_test 66 - Chromedriver setup is done
2021-11-17 17:09:41 INFO  Login_test 70 - Chromedriver headless mode configured
2021-11-17 17:09:42 INFO  Login_test 154 - TC_4b is Started
2021-11-17 17:09:45 INFO  Login_test 57 - Total time taken: 24156
2021-11-17 17:09:45 INFO  Login_test 58 - extent report flushed
2021-11-17 17:11:39 INFO  Login_test 66 - Chromedriver setup is done
2021-11-17 17:11:41 INFO  Login_test 66 - TC_01 is Started
2021-11-17 17:11:42 INFO  Login_test 66 - Chromedriver setup is done
2021-11-17 17:11:44 INFO  Login_test 97 - TC_02 is Started
2021-11-17 17:11:49 INFO  Login_test 66 - Chromedriver setup is done
2021-11-17 17:11:50 INFO  Login_test 119 - TC_03 is Started
2021-11-17 17:11:55 INFO  Login_test 121 - Salesforce Home page is displayed
2021-11-17 17:11:56 INFO  Login_test 66 - Chromedriver setup is done
2021-11-17 17:11:59 INFO  Login_test 136 - TC_04a is Started
2021-11-17 17:12:00 INFO  Login_test 66 - Chromedriver setup is done
2021-11-17 17:12:02 INFO  Login_test 154 - TC_4b is Started
2021-11-17 17:12:06 INFO  Login_test 57 - Total time taken: 29274
2021-11-17 17:12:06 INFO  Login_test 58 - extent report flushed
2021-11-17 17:20:48 INFO  App_Utilities 66 - Chromedriver setup is done
2021-11-17 17:20:50 INFO  Login_test 67 - TC_01 is Started
2021-11-17 17:20:51 INFO  App_Utilities 66 - Chromedriver setup is done
2021-11-17 17:20:53 INFO  Login_test 98 - TC_02 is Started
2021-11-17 17:20:59 INFO  App_Utilities 66 - Chromedriver setup is done
2021-11-17 17:21:00 INFO  Login_test 120 - TC_03 is Started
2021-11-17 17:21:05 INFO  Login_test 122 - Salesforce Home page is displayed
2021-11-17 17:21:06 INFO  App_Utilities 66 - Chromedriver setup is done
2021-11-17 17:21:08 INFO  Login_test 137 - TC_04a is Started
2021-11-17 17:21:12 INFO  App_Utilities 66 - Chromedriver setup is done
2021-11-17 17:21:13 INFO  Login_test 155 - TC_4b is Started
2021-11-17 17:21:18 INFO  Login_test 58 - Total time taken: 31618
2021-11-17 17:21:18 INFO  Login_test 59 - extent report flushed
2021-11-17 17:27:45 INFO  App_Utilities 66 - Chromedriver setup is done
2021-11-17 17:27:47 INFO  UserMenu_test 53 - TC_05 is Started
2021-11-17 17:28:40 INFO  App_Utilities 66 - Chromedriver setup is done
2021-11-17 17:28:42 INFO  UserMenu_test 53 - TC_05 is Started
2021-11-17 17:29:23 INFO  App_Utilities 66 - Chromedriver setup is done
2021-11-17 17:29:25 INFO  UserMenu_test 67 - TC_06 is Started
2021-11-17 17:29:33 INFO  App_Utilities 66 - Chromedriver setup is done
2021-11-17 17:29:35 INFO  UserMenu_test 108 - TC_07 is Started
2021-11-17 17:29:39 INFO  App_Utilities 66 - Chromedriver setup is done
2021-11-17 17:29:41 INFO  UserMenu_test 155 - TC_08 is Started
2021-11-17 17:29:47 INFO  App_Utilities 66 - Chromedriver setup is done
2021-11-17 17:29:48 INFO  UserMenu_test 170 - TC_09 is Started
2021-11-17 17:29:58 INFO  App_Utilities 97 - Total time taken: 79666
2021-11-17 17:29:58 INFO  App_Utilities 98 - extent report flushed
2021-11-17 17:30:57 INFO  App_Utilities 66 - Chromedriver setup is done
2021-11-17 17:30:59 INFO  UserMenu_test 53 - TC_05 is Started
2021-11-17 17:31:07 INFO  App_Utilities 66 - Chromedriver setup is done
2021-11-17 17:31:09 INFO  UserMenu_test 67 - TC_06 is Started
2021-11-17 17:31:53 INFO  App_Utilities 66 - Chromedriver setup is done
2021-11-17 17:31:55 INFO  UserMenu_test 108 - TC_07 is Started
2021-11-17 17:32:07 INFO  App_Utilities 66 - Chromedriver setup is done
2021-11-17 17:32:09 INFO  UserMenu_test 155 - TC_08 is Started
2021-11-17 17:32:14 INFO  App_Utilities 66 - Chromedriver setup is done
2021-11-17 17:32:16 INFO  UserMenu_test 170 - TC_09 is Started
2021-11-17 17:32:21 INFO  App_Utilities 98 - Total time taken: 86260
2021-11-17 17:32:21 INFO  App_Utilities 99 - extent report flushed
2021-11-18 09:17:53 INFO  App_Utilities 66 - Chromedriver setup is done
2021-11-18 09:17:55 INFO  CreateAccount_test 49 - TC_10 is Started
2021-11-18 09:18:03 INFO  App_Utilities 66 - Chromedriver setup is done
2021-11-18 09:18:06 INFO  CreateAccount_test 66 - TC_11 is Started
2021-11-18 09:18:07 INFO  App_Utilities 66 - Chromedriver setup is done
2021-11-18 09:18:09 INFO  CreateAccount_test 81 - TC_12 is Started
2021-11-18 09:18:14 INFO  App_Utilities 66 - Chromedriver setup is done
2021-11-18 09:18:16 INFO  CreateAccount_test 106 - TC_13 is Started
2021-11-18 09:18:22 INFO  App_Utilities 66 - Chromedriver setup is done
2021-11-18 09:18:24 INFO  CreateAccount_test 129 - TC_14 is Started
2021-11-18 09:18:40 INFO  App_Utilities 98 - Total time taken: 50024
2021-11-18 09:18:40 INFO  App_Utilities 99 - extent report flushed
2021-11-18 09:20:20 INFO  App_Utilities 66 - Chromedriver setup is done
2021-11-18 09:20:23 INFO  CreateAccount_test 49 - TC_10 is Started
2021-11-18 09:20:32 INFO  App_Utilities 98 - Total time taken: 14203
2021-11-18 09:20:32 INFO  App_Utilities 99 - extent report flushed
2021-11-18 09:27:29 INFO  App_Utilities 66 - Chromedriver setup is done
2021-11-18 09:27:31 INFO  CreateAccount_test 49 - TC_10 is Started
2021-11-18 09:28:06 INFO  App_Utilities 98 - Total time taken: 38461
2021-11-18 09:28:06 INFO  App_Utilities 99 - extent report flushed
2021-11-18 09:29:43 INFO  App_Utilities 66 - Chromedriver setup is done
2021-11-18 09:29:45 INFO  CreateAccount_test 49 - TC_10 is Started
2021-11-18 09:29:52 INFO  App_Utilities 66 - Chromedriver setup is done
2021-11-18 09:29:54 INFO  CreateAccount_test 67 - TC_11 is Started
2021-11-18 09:29:55 INFO  App_Utilities 66 - Chromedriver setup is done
2021-11-18 09:29:58 INFO  CreateAccount_test 82 - TC_12 is Started
2021-11-18 09:30:07 INFO  App_Utilities 66 - Chromedriver setup is done
2021-11-18 09:30:09 INFO  CreateAccount_test 107 - TC_13 is Started
2021-11-18 09:30:25 INFO  App_Utilities 66 - Chromedriver setup is done
2021-11-18 09:30:27 INFO  CreateAccount_test 130 - TC_14 is Started
2021-11-18 09:30:38 INFO  App_Utilities 99 - Total time taken: 56892
2021-11-18 09:30:38 INFO  App_Utilities 100 - extent report flushed
2021-11-18 09:38:27 INFO  App_Utilities 66 - Chromedriver setup is done
2021-11-18 09:38:28 INFO  CreateAccount_test 67 - TC_11 is Started
2021-11-18 09:38:33 INFO  App_Utilities 99 - Total time taken: 7920
2021-11-18 09:38:33 INFO  App_Utilities 100 - extent report flushed
2021-11-18 09:44:58 INFO  App_Utilities 66 - Chromedriver setup is done
2021-11-18 09:45:01 INFO  CreateAccount_test 49 - TC_10 is Started
2021-11-18 09:45:14 INFO  App_Utilities 99 - Total time taken: 17634
2021-11-18 09:45:14 INFO  App_Utilities 100 - extent report flushed
2021-11-18 09:45:51 INFO  App_Utilities 66 - Chromedriver setup is done
2021-11-18 09:45:53 INFO  CreateAccount_test 67 - TC_11 is Started
2021-11-18 09:45:54 INFO  App_Utilities 99 - Total time taken: 4539
2021-11-18 09:45:54 INFO  App_Utilities 100 - extent report flushed
2021-11-18 09:47:24 INFO  App_Utilities 66 - Chromedriver setup is done
2021-11-18 09:47:26 INFO  CreateAccount_test 67 - TC_11 is Started
2021-11-18 09:47:33 INFO  App_Utilities 99 - Total time taken: 10716
2021-11-18 09:47:33 INFO  App_Utilities 100 - extent report flushed
2021-11-18 09:48:56 INFO  App_Utilities 66 - Chromedriver setup is done
2021-11-18 09:48:59 INFO  CreateAccount_test 49 - TC_10 is Started
2021-11-18 09:49:06 INFO  App_Utilities 66 - Chromedriver setup is done
2021-11-18 09:49:08 INFO  CreateAccount_test 67 - TC_11 is Started
2021-11-18 09:49:15 INFO  App_Utilities 66 - Chromedriver setup is done
2021-11-18 09:49:19 INFO  CreateAccount_test 82 - TC_12 is Started
2021-11-18 09:49:26 INFO  App_Utilities 66 - Chromedriver setup is done
2021-11-18 09:49:28 INFO  CreateAccount_test 107 - TC_13 is Started
2021-11-18 09:49:42 INFO  App_Utilities 66 - Chromedriver setup is done
2021-11-18 09:49:44 INFO  CreateAccount_test 130 - TC_14 is Started
2021-11-18 09:49:55 INFO  App_Utilities 99 - Total time taken: 60670
2021-11-18 09:49:55 INFO  App_Utilities 100 - extent report flushed
2021-11-18 09:51:08 INFO  App_Utilities 66 - Chromedriver setup is done
2021-11-18 09:51:10 INFO  CreateAccount_test 49 - TC_10 is Started
2021-11-18 09:51:19 INFO  App_Utilities 66 - Chromedriver setup is done
2021-11-18 09:51:21 INFO  CreateAccount_test 67 - TC_11 is Started
2021-11-18 09:51:27 INFO  App_Utilities 66 - Chromedriver setup is done
2021-11-18 09:51:30 INFO  CreateAccount_test 82 - TC_12 is Started
2021-11-18 09:51:37 INFO  App_Utilities 66 - Chromedriver setup is done
2021-11-18 09:51:39 INFO  CreateAccount_test 107 - TC_13 is Started
2021-11-18 09:51:46 INFO  App_Utilities 66 - Chromedriver setup is done
2021-11-18 09:51:48 INFO  CreateAccount_test 130 - TC_14 is Started
2021-11-18 09:52:02 INFO  App_Utilities 99 - Total time taken: 56756
2021-11-18 09:52:02 INFO  App_Utilities 100 - extent report flushed
2021-11-18 09:55:08 INFO  App_Utilities 66 - Chromedriver setup is done
2021-11-18 09:55:10 INFO  CreateAccount_test 67 - TC_11 is Started
2021-11-18 09:55:17 INFO  App_Utilities 99 - Total time taken: 10468
2021-11-18 09:55:17 INFO  App_Utilities 100 - extent report flushed
2021-11-18 09:56:07 INFO  App_Utilities 66 - Chromedriver setup is done
2021-11-18 09:56:09 INFO  CreateAccount_test 82 - TC_12 is Started
2021-11-18 09:56:16 INFO  App_Utilities 99 - Total time taken: 11140
2021-11-18 09:56:16 INFO  App_Utilities 100 - extent report flushed
2021-11-18 09:58:04 INFO  App_Utilities 66 - Chromedriver setup is done
2021-11-18 09:58:05 INFO  CreateAccount_test 49 - TC_10 is Started
2021-11-18 09:58:14 INFO  App_Utilities 66 - Chromedriver setup is done
2021-11-18 09:58:15 INFO  CreateAccount_test 67 - TC_11 is Started
2021-11-18 09:58:24 INFO  App_Utilities 66 - Chromedriver setup is done
2021-11-18 09:58:26 INFO  CreateAccount_test 82 - TC_12 is Started
2021-11-18 09:58:40 INFO  App_Utilities 66 - Chromedriver setup is done
2021-11-18 09:58:42 INFO  CreateAccount_test 107 - TC_13 is Started
2021-11-18 09:58:47 INFO  App_Utilities 66 - Chromedriver setup is done
2021-11-18 09:58:50 INFO  CreateAccount_test 130 - TC_14 is Started
2021-11-18 09:59:06 INFO  App_Utilities 99 - Total time taken: 65035
2021-11-18 09:59:06 INFO  App_Utilities 100 - extent report flushed
2021-11-18 10:01:17 INFO  App_Utilities 66 - Chromedriver setup is done
2021-11-18 10:01:19 INFO  CreateAccount_test 49 - TC_10 is Started
2021-11-18 10:01:28 INFO  App_Utilities 66 - Chromedriver setup is done
2021-11-18 10:01:30 INFO  CreateAccount_test 67 - TC_11 is Started
2021-11-18 10:01:39 INFO  App_Utilities 66 - Chromedriver setup is done
2021-11-18 10:01:42 INFO  CreateAccount_test 83 - TC_12 is Started
2021-11-18 10:01:50 INFO  App_Utilities 66 - Chromedriver setup is done
2021-11-18 10:01:52 INFO  CreateAccount_test 108 - TC_13 is Started
2021-11-18 10:01:59 INFO  App_Utilities 66 - Chromedriver setup is done
2021-11-18 10:02:01 INFO  CreateAccount_test 131 - TC_14 is Started
2021-11-18 10:02:16 INFO  App_Utilities 99 - Total time taken: 60935
2021-11-18 10:02:16 INFO  App_Utilities 100 - extent report flushed
2021-11-18 10:03:09 INFO  App_Utilities 66 - Chromedriver setup is done
2021-11-18 10:03:12 INFO  CreateAccount_test 49 - TC_10 is Started
2021-11-18 10:03:18 INFO  App_Utilities 66 - Chromedriver setup is done
2021-11-18 10:03:20 INFO  CreateAccount_test 67 - TC_11 is Started
2021-11-18 10:03:27 INFO  App_Utilities 66 - Chromedriver setup is done
2021-11-18 10:03:29 INFO  CreateAccount_test 83 - TC_12 is Started
2021-11-18 10:03:37 INFO  App_Utilities 66 - Chromedriver setup is done
2021-11-18 10:03:39 INFO  CreateAccount_test 108 - TC_13 is Started
2021-11-18 10:03:57 INFO  App_Utilities 66 - Chromedriver setup is done
2021-11-18 10:03:59 INFO  CreateAccount_test 132 - TC_14 is Started
2021-11-18 10:04:10 INFO  App_Utilities 99 - Total time taken: 62516
2021-11-18 10:04:10 INFO  App_Utilities 100 - extent report flushed
2021-11-18 10:05:09 INFO  App_Utilities 66 - Chromedriver setup is done
2021-11-18 10:05:12 INFO  CreateAccount_test 49 - TC_10 is Started
2021-11-18 10:05:26 INFO  App_Utilities 66 - Chromedriver setup is done
2021-11-18 10:05:28 INFO  CreateAccount_test 68 - TC_11 is Started
2021-11-18 10:05:37 INFO  App_Utilities 66 - Chromedriver setup is done
2021-11-18 10:05:39 INFO  CreateAccount_test 84 - TC_12 is Started
2021-11-18 10:05:54 INFO  App_Utilities 66 - Chromedriver setup is done
2021-11-18 10:05:56 INFO  CreateAccount_test 109 - TC_13 is Started
2021-11-18 10:06:11 INFO  App_Utilities 66 - Chromedriver setup is done
2021-11-18 10:06:14 INFO  CreateAccount_test 133 - TC_14 is Started
2021-11-18 10:06:26 INFO  App_Utilities 99 - Total time taken: 79898
2021-11-18 10:06:26 INFO  App_Utilities 100 - extent report flushed
2021-11-18 10:10:45 INFO  App_Utilities 66 - Chromedriver setup is done
2021-11-18 10:10:47 INFO  CreateAccount_test 48 - TC_10 is Started
2021-11-18 10:10:56 INFO  App_Utilities 66 - Chromedriver setup is done
2021-11-18 10:10:58 INFO  CreateAccount_test 67 - TC_11 is Started
2021-11-18 10:11:06 INFO  App_Utilities 66 - Chromedriver setup is done
2021-11-18 10:11:08 INFO  CreateAccount_test 83 - TC_12 is Started
2021-11-18 10:11:14 INFO  App_Utilities 66 - Chromedriver setup is done
2021-11-18 10:11:16 INFO  CreateAccount_test 108 - TC_13 is Started
2021-11-18 10:11:30 INFO  App_Utilities 66 - Chromedriver setup is done
2021-11-18 10:11:32 INFO  CreateAccount_test 132 - TC_14 is Started
2021-11-18 10:11:43 INFO  App_Utilities 99 - Total time taken: 60327
2021-11-18 10:11:43 INFO  App_Utilities 100 - extent report flushed
2021-11-18 10:12:25 INFO  App_Utilities 66 - Chromedriver setup is done
2021-11-18 10:12:27 INFO  CreateAccount_test 48 - TC_10 is Started
2021-11-18 10:12:55 INFO  App_Utilities 66 - Chromedriver setup is done
2021-11-18 10:12:57 INFO  CreateAccount_test 48 - TC_10 is Started
2021-11-18 10:13:06 INFO  App_Utilities 66 - Chromedriver setup is done
2021-11-18 10:13:09 INFO  CreateAccount_test 67 - TC_11 is Started
2021-11-18 10:13:16 INFO  App_Utilities 66 - Chromedriver setup is done
2021-11-18 10:13:18 INFO  CreateAccount_test 83 - TC_12 is Started
2021-11-18 10:13:25 INFO  App_Utilities 66 - Chromedriver setup is done
2021-11-18 10:13:28 INFO  CreateAccount_test 108 - TC_13 is Started
2021-11-18 10:13:45 INFO  App_Utilities 66 - Chromedriver setup is done
2021-11-18 10:13:47 INFO  CreateAccount_test 132 - TC_14 is Started
2021-11-18 10:14:01 INFO  App_Utilities 99 - Total time taken: 68438
2021-11-18 10:14:01 INFO  App_Utilities 100 - extent report flushed
2021-11-18 10:31:30 INFO  App_Utilities 66 - Chromedriver setup is done
2021-11-18 10:31:33 INFO  Login_test 67 - TC_01 is Started
2021-11-18 10:31:36 INFO  App_Utilities 66 - Chromedriver setup is done
2021-11-18 10:31:41 INFO  Login_test 98 - TC_02 is Started
2021-11-18 10:31:47 INFO  App_Utilities 66 - Chromedriver setup is done
2021-11-18 10:31:49 INFO  Login_test 120 - TC_03 is Started
2021-11-18 10:32:01 INFO  Login_test 122 - Salesforce Home page is displayed
2021-11-18 10:32:01 INFO  App_Utilities 66 - Chromedriver setup is done
2021-11-18 10:32:04 INFO  Login_test 137 - TC_04a is Started
2021-11-18 10:32:04 INFO  App_Utilities 66 - Chromedriver setup is done
2021-11-18 10:32:06 INFO  Login_test 155 - TC_4b is Started
2021-11-18 10:32:11 INFO  App_Utilities 66 - Chromedriver setup is done
2021-11-18 10:32:13 INFO  UserMenu_test 53 - TC_05 is Started
2021-11-18 10:32:21 INFO  App_Utilities 66 - Chromedriver setup is done
2021-11-18 10:32:24 INFO  UserMenu_test 67 - TC_06 is Started
2021-11-18 10:33:15 INFO  App_Utilities 66 - Chromedriver setup is done
2021-11-18 10:33:17 INFO  UserMenu_test 108 - TC_07 is Started
2021-11-18 10:33:28 INFO  App_Utilities 66 - Chromedriver setup is done
2021-11-18 10:33:31 INFO  UserMenu_test 155 - TC_08 is Started
2021-11-18 10:33:38 INFO  App_Utilities 66 - Chromedriver setup is done
2021-11-18 10:33:40 INFO  UserMenu_test 170 - TC_09 is Started
2021-11-18 10:33:46 INFO  App_Utilities 66 - Chromedriver setup is done
2021-11-18 10:33:48 INFO  CreateOpp_test 45 - TC_15 is Started
2021-11-18 10:33:54 INFO  CreateOpp_test 57 - TC_16 is Started
2021-11-18 10:33:54 INFO  CreateOpp_test 88 - TC_17 is Started
2021-11-18 10:33:54 INFO  CreateOpp_test 100 - TC_18 is Started
2021-11-18 10:33:54 INFO  CreateOpp_test 112 - TC_19 is Started
2021-11-18 10:33:55 INFO  App_Utilities 66 - Chromedriver setup is done
2021-11-18 10:33:59 INFO  Leads_test 42 - TC_20 is Started
2021-11-18 10:34:04 INFO  Leads_test 54 - TC_21 is Started
2021-11-18 10:34:05 INFO  Leads_test 67 - TC_22 is Started
2021-11-18 10:34:06 INFO  Leads_test 89 - TC_23 is Started
2021-11-18 10:34:06 INFO  Leads_test 101 - TC_24 is Started
2021-11-18 10:34:06 INFO  App_Utilities 66 - Chromedriver setup is done
2021-11-18 10:34:08 INFO  Contacts_test 41 - TC_25 is Started
2021-11-18 10:34:43 INFO  Contacts_test 61 - TC_26 is Started
2021-11-18 10:34:43 INFO  Contacts_test 81 - TC_27 is Started
2021-11-18 10:34:43 INFO  Contacts_test 95 - TC_28 is Started
2021-11-18 10:34:44 INFO  Contacts_test 109 - TC_29 is Started
2021-11-18 10:34:44 INFO  Contacts_test 122 - TC_30 is Started
2021-11-18 10:34:44 INFO  Contacts_test 138 - TC_31 is Started
2021-11-18 10:34:44 INFO  Contacts_test 158 - TC_32 is Started
2021-11-18 10:34:44 INFO  App_Utilities 66 - Chromedriver setup is done
2021-11-18 10:34:47 INFO  RandomScenarios_test 46 - TC_33 is Started
2021-11-18 10:34:54 INFO  RandomScenarios_test 59 - TC_34 is Started
2021-11-18 10:34:54 INFO  RandomScenarios_test 80 - TC_35 is Started
2021-11-18 10:34:55 INFO  RandomScenarios_test 97 - TC_36 is Started
2021-11-18 10:34:55 INFO  RandomScenarios_test 124 - TC_37 is Started
2021-11-18 10:34:56 INFO  Login_test 58 - Total time taken: 220427
2021-11-18 10:34:56 INFO  Login_test 59 - extent report flushed
2021-11-18 10:38:00 INFO  App_Utilities 66 - Chromedriver setup is done
2021-11-18 10:38:02 INFO  Login_test 120 - TC_03 is Started
2021-11-18 10:38:07 INFO  Login_test 122 - Salesforce Home page is displayed
2021-11-18 10:38:08 INFO  Login_test 58 - Total time taken: 10980
2021-11-18 10:38:08 INFO  Login_test 59 - extent report flushed
2021-11-18 16:36:12 INFO  App_Utilities 66 - Chromedriver setup is done
2021-11-18 16:36:15 INFO  Login_test 67 - TC_01 is Started
2021-11-18 16:36:18 INFO  App_Utilities 66 - Chromedriver setup is done
2021-11-18 16:36:21 INFO  Login_test 98 - TC_02 is Started
2021-11-18 16:36:27 INFO  App_Utilities 66 - Chromedriver setup is done
2021-11-18 16:36:29 INFO  Login_test 120 - TC_03 is Started
2021-11-18 16:36:35 INFO  Login_test 122 - Salesforce Home page is displayed
2021-11-18 16:36:37 INFO  App_Utilities 66 - Chromedriver setup is done
2021-11-18 16:36:40 INFO  Login_test 137 - TC_04a is Started
2021-11-18 16:36:41 INFO  App_Utilities 66 - Chromedriver setup is done
2021-11-18 16:36:43 INFO  Login_test 155 - TC_4b is Started
2021-11-18 16:36:49 INFO  App_Utilities 66 - Chromedriver setup is done
2021-11-18 16:36:53 INFO  UserMenu_test 52 - TC_05 is Started
2021-11-18 16:37:06 INFO  App_Utilities 66 - Chromedriver setup is done
2021-11-18 16:37:08 INFO  UserMenu_test 66 - TC_06 is Started
2021-11-18 16:37:52 INFO  App_Utilities 66 - Chromedriver setup is done
2021-11-18 16:37:54 INFO  UserMenu_test 107 - TC_07 is Started
2021-11-18 16:38:06 INFO  App_Utilities 66 - Chromedriver setup is done
2021-11-18 16:38:08 INFO  UserMenu_test 154 - TC_08 is Started
2021-11-18 16:38:16 INFO  App_Utilities 66 - Chromedriver setup is done
2021-11-18 16:38:18 INFO  UserMenu_test 169 - TC_09 is Started
2021-11-18 16:38:26 INFO  App_Utilities 66 - Chromedriver setup is done
2021-11-18 16:38:28 INFO  CreateOpp_test 45 - TC_15 is Started
2021-11-18 16:38:33 INFO  CreateOpp_test 57 - TC_16 is Started
2021-11-18 16:38:34 INFO  CreateOpp_test 88 - TC_17 is Started
2021-11-18 16:38:34 INFO  CreateOpp_test 100 - TC_18 is Started
2021-11-18 16:38:34 INFO  CreateOpp_test 112 - TC_19 is Started
2021-11-18 16:38:34 INFO  App_Utilities 66 - Chromedriver setup is done
2021-11-18 16:38:36 INFO  Leads_test 42 - TC_20 is Started
2021-11-18 16:38:49 INFO  Leads_test 54 - TC_21 is Started
2021-11-18 16:38:50 INFO  Leads_test 67 - TC_22 is Started
2021-11-18 16:38:50 INFO  Leads_test 89 - TC_23 is Started
2021-11-18 16:38:50 INFO  Leads_test 101 - TC_24 is Started
2021-11-18 16:38:50 INFO  App_Utilities 66 - Chromedriver setup is done
2021-11-18 16:38:52 INFO  Contacts_test 41 - TC_25 is Started
2021-11-18 16:39:03 INFO  Contacts_test 61 - TC_26 is Started
2021-11-18 16:39:03 INFO  Contacts_test 81 - TC_27 is Started
2021-11-18 16:39:04 INFO  Contacts_test 95 - TC_28 is Started
2021-11-18 16:39:04 INFO  Contacts_test 109 - TC_29 is Started
2021-11-18 16:39:04 INFO  Contacts_test 122 - TC_30 is Started
2021-11-18 16:39:04 INFO  Contacts_test 138 - TC_31 is Started
2021-11-18 16:39:04 INFO  Contacts_test 158 - TC_32 is Started
2021-11-18 16:39:04 INFO  App_Utilities 66 - Chromedriver setup is done
2021-11-18 16:39:07 INFO  RandomScenarios_test 46 - TC_33 is Started
2021-11-18 16:39:20 INFO  RandomScenarios_test 59 - TC_34 is Started
2021-11-18 16:39:20 INFO  RandomScenarios_test 80 - TC_35 is Started
2021-11-18 16:39:21 INFO  RandomScenarios_test 97 - TC_36 is Started
2021-11-18 16:39:21 INFO  RandomScenarios_test 124 - TC_37 is Started
2021-11-18 16:39:21 INFO  Login_test 58 - Total time taken: 206433
2021-11-18 16:39:21 INFO  Login_test 59 - extent report flushed
2021-11-18 16:39:26 INFO  App_Utilities 105 - Total time taken: 195574
2021-11-18 16:39:26 INFO  App_Utilities 106 - extent report flushed
2021-11-18 16:41:57 INFO  App_Utilities 66 - Chromedriver setup is done
2021-11-18 16:41:59 INFO  UserMenu_test 52 - TC_05 is Started
2021-11-18 16:42:07 INFO  App_Utilities 66 - Chromedriver setup is done
2021-11-18 16:42:09 INFO  UserMenu_test 66 - TC_06 is Started
2021-11-18 16:42:50 INFO  App_Utilities 66 - Chromedriver setup is done
2021-11-18 16:42:53 INFO  UserMenu_test 107 - TC_07 is Started
2021-11-18 16:43:04 INFO  App_Utilities 66 - Chromedriver setup is done
2021-11-18 16:43:07 INFO  UserMenu_test 154 - TC_08 is Started
2021-11-18 16:43:14 INFO  App_Utilities 66 - Chromedriver setup is done
2021-11-18 16:43:16 INFO  UserMenu_test 169 - TC_09 is Started
2021-11-18 16:43:23 INFO  App_Utilities 105 - Total time taken: 88311
2021-11-18 16:43:23 INFO  App_Utilities 106 - extent report flushed
2021-11-21 21:21:36 INFO  App_Utilities 66 - Chromedriver setup is done
2021-11-21 21:21:39 INFO  App_Utilities 66 - Chromedriver setup is done
2021-11-21 21:21:39 INFO  Login_test 137 - TC_04a is Started
2021-11-21 21:21:42 INFO  Login_test 58 - Total time taken: 12460
2021-11-21 21:21:42 INFO  Login_test 59 - extent report flushed
2021-11-21 21:21:42 INFO  Login_test 137 - TC_04a is Started
2021-11-21 21:21:45 INFO  Login_test 58 - Total time taken: 9178
2021-11-21 21:21:45 INFO  Login_test 59 - extent report flushed
2021-11-22 10:18:02 INFO  App_Utilities 66 - Chromedriver setup is done
2021-11-22 10:18:04 INFO  Login_test 59 - TC_01 is Started
2021-11-22 10:18:06 INFO  App_Utilities 66 - Chromedriver setup is done
2021-11-22 10:18:09 INFO  Login_test 90 - TC_02 is Started
2021-11-22 10:18:13 INFO  App_Utilities 66 - Chromedriver setup is done
2021-11-22 10:18:16 INFO  Login_test 112 - TC_03 is Started
2021-11-22 10:18:21 INFO  Login_test 114 - Salesforce Home page is displayed
2021-11-22 10:18:22 INFO  App_Utilities 66 - Chromedriver setup is done
2021-11-22 10:18:24 INFO  Login_test 129 - TC_04a is Started
2021-11-22 10:18:25 INFO  App_Utilities 66 - Chromedriver setup is done
2021-11-22 10:18:27 INFO  Login_test 147 - TC_4b is Started
2021-11-22 10:18:34 INFO  Login_test 50 - Total time taken: 35945
2021-11-22 10:18:34 INFO  Login_test 51 - extent report flushed
2021-11-22 10:19:09 INFO  App_Utilities 66 - Chromedriver setup is done
2021-11-22 10:19:12 INFO  UserMenu_test 47 - TC_05 is Started
2021-11-22 10:19:21 INFO  App_Utilities 66 - Chromedriver setup is done
2021-11-22 10:19:23 INFO  UserMenu_test 61 - TC_06 is Started
2021-11-22 10:20:09 INFO  App_Utilities 66 - Chromedriver setup is done
2021-11-22 10:20:11 INFO  UserMenu_test 102 - TC_07 is Started
2021-11-22 10:20:17 INFO  App_Utilities 66 - Chromedriver setup is done
2021-11-22 10:20:19 INFO  UserMenu_test 149 - TC_08 is Started
2021-11-22 10:20:26 INFO  App_Utilities 66 - Chromedriver setup is done
2021-11-22 10:20:28 INFO  UserMenu_test 164 - TC_09 is Started
2021-11-22 10:20:37 INFO  App_Utilities 105 - Total time taken: 90724
2021-11-22 10:20:37 INFO  App_Utilities 106 - extent report flushed
2021-11-22 10:25:59 INFO  App_Utilities 66 - Chromedriver setup is done
2021-11-22 10:26:03 INFO  UserMenu_test 102 - TC_07 is Started
2021-11-22 10:26:09 INFO  App_Utilities 105 - Total time taken: 13079
2021-11-22 10:26:09 INFO  App_Utilities 106 - extent report flushed
2021-11-22 10:33:27 INFO  App_Utilities 66 - Chromedriver setup is done
2021-11-22 10:33:29 INFO  UserMenu_test 102 - TC_07 is Started
2021-11-22 10:33:43 INFO  App_Utilities 105 - Total time taken: 18600
2021-11-22 10:33:43 INFO  App_Utilities 106 - extent report flushed
2021-11-22 10:42:53 INFO  App_Utilities 66 - Chromedriver setup is done
2021-11-22 10:42:56 INFO  UserMenu_test 102 - TC_07 is Started
2021-11-22 10:43:02 INFO  App_Utilities 105 - Total time taken: 11700
2021-11-22 10:43:02 INFO  App_Utilities 106 - extent report flushed
2021-11-22 10:45:24 INFO  App_Utilities 66 - Chromedriver setup is done
2021-11-22 10:45:28 INFO  UserMenu_test 102 - TC_07 is Started
2021-11-22 10:45:41 INFO  App_Utilities 105 - Total time taken: 19351
2021-11-22 10:45:41 INFO  App_Utilities 106 - extent report flushed
2021-11-22 10:50:47 INFO  App_Utilities 66 - Chromedriver setup is done
2021-11-22 10:50:49 INFO  UserMenu_test 102 - TC_07 is Started
2021-11-22 10:50:56 INFO  App_Utilities 105 - Total time taken: 11856
2021-11-22 10:50:56 INFO  App_Utilities 106 - extent report flushed
2021-11-22 10:51:32 INFO  App_Utilities 66 - Chromedriver setup is done
2021-11-22 10:51:34 INFO  UserMenu_test 102 - TC_07 is Started
2021-11-22 10:51:40 INFO  App_Utilities 105 - Total time taken: 10440
2021-11-22 10:51:40 INFO  App_Utilities 106 - extent report flushed
2021-11-22 10:54:12 INFO  App_Utilities 66 - Chromedriver setup is done
2021-11-22 10:54:15 INFO  UserMenu_test 102 - TC_07 is Started
2021-11-22 10:54:22 INFO  App_Utilities 105 - Total time taken: 12031
2021-11-22 10:54:22 INFO  App_Utilities 106 - extent report flushed
2021-11-22 11:26:59 INFO  App_Utilities 66 - Chromedriver setup is done
2021-11-22 11:27:01 INFO  UserMenu_test 102 - TC_07 is Started
2021-11-22 11:27:08 INFO  App_Utilities 105 - Total time taken: 14060
2021-11-22 11:27:08 INFO  App_Utilities 106 - extent report flushed
2021-11-22 11:30:45 INFO  App_Utilities 66 - Chromedriver setup is done
2021-11-22 11:30:47 INFO  UserMenu_test 102 - TC_07 is Started
2021-11-22 11:30:53 INFO  App_Utilities 105 - Total time taken: 10519
2021-11-22 11:30:53 INFO  App_Utilities 106 - extent report flushed
2021-11-22 11:31:51 INFO  App_Utilities 66 - Chromedriver setup is done
2021-11-22 11:31:53 INFO  UserMenu_test 102 - TC_07 is Started
2021-11-22 11:32:02 INFO  App_Utilities 105 - Total time taken: 12937
2021-11-22 11:32:02 INFO  App_Utilities 106 - extent report flushed
2021-11-22 11:34:32 INFO  App_Utilities 66 - Chromedriver setup is done
2021-11-22 11:34:34 INFO  UserMenu_test 102 - TC_07 is Started
2021-11-22 11:34:55 INFO  App_Utilities 105 - Total time taken: 25419
2021-11-22 11:34:55 INFO  App_Utilities 106 - extent report flushed
2021-11-22 11:38:23 INFO  App_Utilities 66 - Chromedriver setup is done
2021-11-22 11:38:25 INFO  UserMenu_test 102 - TC_07 is Started
2021-11-22 11:38:38 INFO  App_Utilities 105 - Total time taken: 16707
2021-11-22 11:38:38 INFO  App_Utilities 106 - extent report flushed
2021-11-22 11:39:20 INFO  App_Utilities 66 - Chromedriver setup is done
2021-11-22 11:39:22 INFO  UserMenu_test 102 - TC_07 is Started
2021-11-22 11:39:35 INFO  App_Utilities 105 - Total time taken: 16752
2021-11-22 11:39:35 INFO  App_Utilities 106 - extent report flushed
2021-11-22 11:40:54 INFO  App_Utilities 66 - Chromedriver setup is done
2021-11-22 11:40:56 INFO  UserMenu_test 102 - TC_07 is Started
2021-11-22 11:41:09 INFO  App_Utilities 105 - Total time taken: 16528
2021-11-22 11:41:09 INFO  App_Utilities 106 - extent report flushed
2021-11-22 11:42:07 INFO  App_Utilities 66 - Chromedriver setup is done
2021-11-22 11:42:09 INFO  UserMenu_test 102 - TC_07 is Started
2021-11-22 11:42:24 INFO  App_Utilities 105 - Total time taken: 19057
2021-11-22 11:42:24 INFO  App_Utilities 106 - extent report flushed
2021-11-22 11:43:12 INFO  App_Utilities 66 - Chromedriver setup is done
2021-11-22 11:43:14 INFO  UserMenu_test 102 - TC_07 is Started
2021-11-22 11:43:28 INFO  App_Utilities 105 - Total time taken: 17904
2021-11-22 11:43:28 INFO  App_Utilities 106 - extent report flushed
2021-11-22 11:45:44 INFO  App_Utilities 66 - Chromedriver setup is done
2021-11-22 11:45:46 INFO  UserMenu_test 47 - TC_05 is Started
2021-11-22 11:45:54 INFO  App_Utilities 66 - Chromedriver setup is done
2021-11-22 11:45:56 INFO  UserMenu_test 61 - TC_06 is Started
2021-11-22 11:46:40 INFO  App_Utilities 66 - Chromedriver setup is done
2021-11-22 11:46:42 INFO  UserMenu_test 102 - TC_07 is Started
2021-11-22 11:46:54 INFO  App_Utilities 66 - Chromedriver setup is done
2021-11-22 11:46:56 INFO  UserMenu_test 151 - TC_08 is Started
2021-11-22 11:47:02 INFO  App_Utilities 66 - Chromedriver setup is done
2021-11-22 11:47:03 INFO  UserMenu_test 166 - TC_09 is Started
2021-11-22 11:47:10 INFO  App_Utilities 105 - Total time taken: 87926
2021-11-22 11:47:10 INFO  App_Utilities 106 - extent report flushed
2021-11-22 16:22:42 INFO  App_Utilities 66 - Chromedriver setup is done
2021-11-22 16:23:04 INFO  App_Utilities 66 - Chromedriver setup is done
2021-11-22 16:23:28 INFO  UserMenu_test 47 - TC_05 is Started
2021-11-22 16:24:07 INFO  App_Utilities 66 - Chromedriver setup is done
2021-11-22 16:24:19 INFO  UserMenu_test 61 - TC_06 is Started
2021-11-22 16:24:43 INFO  App_Utilities 66 - Chromedriver setup is done
2021-11-22 16:24:55 INFO  UserMenu_test 102 - TC_07 is Started
2021-11-22 16:25:47 INFO  App_Utilities 66 - Chromedriver setup is done
2021-11-22 19:45:57 INFO  App_Utilities 66 - Chromedriver setup is done
2021-11-22 19:45:59 INFO  CreateAccount_test 47 - TC_10 is Started
2021-11-22 19:46:14 INFO  App_Utilities 66 - Chromedriver setup is done
2021-11-22 19:46:16 INFO  CreateAccount_test 66 - TC_11 is Started
2021-11-22 19:46:24 INFO  App_Utilities 66 - Chromedriver setup is done
2021-11-22 19:46:27 INFO  CreateAccount_test 82 - TC_12 is Started
2021-11-22 19:46:34 INFO  App_Utilities 66 - Chromedriver setup is done
2021-11-22 19:46:35 INFO  CreateAccount_test 107 - TC_13 is Started
2021-11-22 19:46:42 INFO  App_Utilities 66 - Chromedriver setup is done
2021-11-22 19:46:43 INFO  CreateAccount_test 131 - TC_14 is Started
2021-11-22 19:46:53 INFO  App_Utilities 105 - Total time taken: 57513
2021-11-22 19:46:53 INFO  App_Utilities 106 - extent report flushed
2021-11-22 19:47:59 INFO  App_Utilities 66 - Chromedriver setup is done
2021-11-22 19:48:00 INFO  CreateAccount_test 107 - TC_13 is Started
2021-11-22 19:48:11 INFO  App_Utilities 105 - Total time taken: 14278
2021-11-22 19:48:11 INFO  App_Utilities 106 - extent report flushed
2021-11-22 19:49:05 INFO  App_Utilities 66 - Chromedriver setup is done
2021-11-22 19:49:07 INFO  CreateAccount_test 107 - TC_13 is Started
2021-11-22 19:49:20 INFO  App_Utilities 105 - Total time taken: 16088
2021-11-22 19:49:20 INFO  App_Utilities 106 - extent report flushed
2021-11-22 19:53:00 INFO  App_Utilities 66 - Chromedriver setup is done
2021-11-22 19:53:01 INFO  CreateAccount_test 107 - TC_13 is Started
2021-11-22 19:53:08 INFO  App_Utilities 105 - Total time taken: 11529
2021-11-22 19:53:08 INFO  App_Utilities 106 - extent report flushed
2021-11-22 20:01:18 INFO  App_Utilities 66 - Chromedriver setup is done
2021-11-22 20:01:19 INFO  CreateAccount_test 107 - TC_13 is Started
2021-11-22 20:01:27 INFO  App_Utilities 105 - Total time taken: 10642
2021-11-22 20:01:27 INFO  App_Utilities 106 - extent report flushed
2021-11-22 20:02:16 INFO  App_Utilities 66 - Chromedriver setup is done
2021-11-22 20:02:17 INFO  CreateAccount_test 107 - TC_13 is Started
2021-11-22 20:02:24 INFO  App_Utilities 105 - Total time taken: 9655
2021-11-22 20:02:24 INFO  App_Utilities 106 - extent report flushed
2021-11-22 20:03:18 INFO  App_Utilities 66 - Chromedriver setup is done
2021-11-22 20:03:20 INFO  CreateAccount_test 107 - TC_13 is Started
2021-11-22 20:03:29 INFO  App_Utilities 105 - Total time taken: 12134
2021-11-22 20:03:29 INFO  App_Utilities 106 - extent report flushed
2021-11-22 20:03:53 INFO  App_Utilities 66 - Chromedriver setup is done
2021-11-22 20:03:55 INFO  CreateAccount_test 47 - TC_10 is Started
2021-11-22 20:04:02 INFO  App_Utilities 66 - Chromedriver setup is done
2021-11-22 20:04:03 INFO  CreateAccount_test 66 - TC_11 is Started
2021-11-22 20:04:10 INFO  App_Utilities 66 - Chromedriver setup is done
2021-11-22 20:04:12 INFO  CreateAccount_test 82 - TC_12 is Started
2021-11-22 20:04:18 INFO  App_Utilities 66 - Chromedriver setup is done
2021-11-22 20:04:19 INFO  CreateAccount_test 107 - TC_13 is Started
2021-11-22 20:04:26 INFO  App_Utilities 66 - Chromedriver setup is done
2021-11-22 20:04:28 INFO  CreateAccount_test 137 - TC_14 is Started
2021-11-22 20:04:39 INFO  App_Utilities 105 - Total time taken: 47385
2021-11-22 20:04:39 INFO  App_Utilities 106 - extent report flushed
2021-11-22 20:07:32 INFO  App_Utilities 66 - Chromedriver setup is done
2021-11-22 20:07:33 INFO  CreateOpp_test 56 - TC_16 is Started
2021-11-22 20:07:44 INFO  App_Utilities 105 - Total time taken: 14026
2021-11-22 20:07:44 INFO  App_Utilities 106 - extent report flushed
2021-11-22 20:09:25 INFO  App_Utilities 66 - Chromedriver setup is done
2021-11-22 20:09:27 INFO  CreateOpp_test 56 - TC_16 is Started
2021-11-22 20:09:33 INFO  App_Utilities 105 - Total time taken: 9507
2021-11-22 20:09:33 INFO  App_Utilities 106 - extent report flushed
2021-11-22 20:16:34 INFO  App_Utilities 66 - Chromedriver setup is done
2021-11-22 20:16:35 INFO  CreateOpp_test 57 - TC_16 is Started
2021-11-22 20:16:42 INFO  App_Utilities 105 - Total time taken: 9525
2021-11-22 20:16:42 INFO  App_Utilities 106 - extent report flushed
2021-11-22 20:19:08 INFO  App_Utilities 66 - Chromedriver setup is done
2021-11-22 20:19:10 INFO  CreateOpp_test 57 - TC_16 is Started
2021-11-22 20:19:19 INFO  App_Utilities 105 - Total time taken: 12329
2021-11-22 20:19:19 INFO  App_Utilities 106 - extent report flushed
2021-11-22 20:22:41 INFO  App_Utilities 66 - Chromedriver setup is done
2021-11-22 20:22:42 INFO  CreateOpp_test 45 - TC_15 is Started
2021-11-22 20:22:48 INFO  App_Utilities 66 - Chromedriver setup is done
2021-11-22 20:22:50 INFO  CreateOpp_test 57 - TC_16 is Started
2021-11-22 20:22:58 INFO  App_Utilities 66 - Chromedriver setup is done
2021-11-22 20:23:01 INFO  CreateOpp_test 93 - TC_17 is Started
2021-11-22 20:23:09 INFO  App_Utilities 66 - Chromedriver setup is done
2021-11-22 20:23:10 INFO  CreateOpp_test 105 - TC_18 is Started
2021-11-22 20:23:16 INFO  App_Utilities 66 - Chromedriver setup is done
2021-11-22 20:23:17 INFO  CreateOpp_test 117 - TC_19 is Started
2021-11-22 20:23:24 INFO  App_Utilities 105 - Total time taken: 44987
2021-11-22 20:23:24 INFO  App_Utilities 106 - extent report flushed
2021-11-22 20:24:26 INFO  App_Utilities 66 - Chromedriver setup is done
2021-11-22 20:24:27 INFO  Leads_test 101 - TC_24 is Started
2021-11-22 20:24:33 INFO  App_Utilities 105 - Total time taken: 8683
2021-11-22 20:24:33 INFO  App_Utilities 106 - extent report flushed
2021-11-22 20:27:48 INFO  App_Utilities 66 - Chromedriver setup is done
2021-11-22 20:27:50 INFO  Leads_test 101 - TC_24 is Started
2021-11-22 20:27:58 INFO  App_Utilities 105 - Total time taken: 11949
2021-11-22 20:27:58 INFO  App_Utilities 106 - extent report flushed
2021-11-22 20:28:32 INFO  App_Utilities 66 - Chromedriver setup is done
2021-11-22 20:28:34 INFO  Leads_test 42 - TC_20 is Started
2021-11-22 20:28:40 INFO  App_Utilities 66 - Chromedriver setup is done
2021-11-22 20:28:41 INFO  Leads_test 54 - TC_21 is Started
2021-11-22 20:28:46 INFO  App_Utilities 66 - Chromedriver setup is done
2021-11-22 20:28:47 INFO  Leads_test 67 - TC_22 is Started
2021-11-22 20:29:00 INFO  App_Utilities 66 - Chromedriver setup is done
2021-11-22 20:29:02 INFO  Leads_test 89 - TC_23 is Started
2021-11-22 20:29:08 INFO  App_Utilities 66 - Chromedriver setup is done
2021-11-22 20:29:10 INFO  Leads_test 101 - TC_24 is Started
2021-11-22 20:29:17 INFO  App_Utilities 105 - Total time taken: 23956
2021-11-22 20:29:17 INFO  App_Utilities 106 - extent report flushed
